[12:50:16] [ServerMain/INFO]: Environment: Environment[sessionHost=https://sessionserver.mojang.com, servicesHost=https://api.minecraftservices.com, name=PROD]
[12:50:19] [ServerMain/INFO]: Loaded 1175 recipes
[12:50:20] [ServerMain/INFO]: Loaded 1276 advancements
[12:50:21] [Server thread/INFO]: Starting minecraft server version 1.20.6
[12:50:21] [Server thread/INFO]: Loading properties
[12:50:21] [Server thread/INFO]: Default game type: SURVIVAL
[12:50:21] [Server thread/INFO]: Generating keypair
[12:50:21] [Server thread/INFO]: Starting Minecraft server on *:25565
[12:50:21] [Server thread/INFO]: Using epoll channel type
[12:50:21] [Server thread/WARN]: **** SERVER IS RUNNING IN OFFLINE/INSECURE MODE!
[12:50:21] [Server thread/WARN]: The server will make no attempt to authenticate usernames. Beware.
[12:50:21] [Server thread/WARN]: While this makes the game possible to play without internet access, it also opens up the ability for hackers to connect with any username they choose.
[12:50:21] [Server thread/WARN]: To change this, set "online-mode" to "true" in the server.properties file.
[12:50:21] [Server thread/INFO]: Preparing level "world"
[12:50:30] [Server thread/INFO]: Preparing start region for dimension minecraft:overworld
[12:50:31] [Worker-Main-1/INFO]: Preparing spawn area: 0%
[12:50:31] [Worker-Main-1/INFO]: Preparing spawn area: 0%
[12:50:31] [Worker-Main-1/INFO]: Preparing spawn area: 0%
[12:50:31] [Worker-Main-1/INFO]: Preparing spawn area: 0%
[12:50:32] [Worker-Main-1/INFO]: Preparing spawn area: 0%
[12:50:32] [Worker-Main-1/INFO]: Preparing spawn area: 0%
[12:50:33] [Worker-Main-1/INFO]: Preparing spawn area: 0%
[12:50:33] [Worker-Main-1/INFO]: Preparing spawn area: 0%
[12:50:34] [Worker-Main-1/INFO]: Preparing spawn area: 0%
[12:50:34] [Server thread/INFO]: Time elapsed: 4546 ms
[12:50:34] [Server thread/INFO]: Done (13.139s)! For help, type "help"
[12:50:44] [Server thread/INFO]: Sergios41[/179.33.104.94:51750] logged in with entity id 9 at (-1778.1440246866052, 64.84375002384186, 983.967158429961)
[12:50:44] [Server thread/INFO]: Sergios41 joined the game
[12:50:47] [Server thread/WARN]: Can't keep up! Is the server overloaded? Running 3769ms or 75 ticks behind
[12:51:00] [Server thread/INFO]: julio9426[/179.33.104.94:44140] logged in with entity id 262 at (-1646.0439718834396, 68.84375002384186, 899.3017578125)
[12:51:00] [Server thread/INFO]: julio9426 joined the game
[12:51:29] [Server thread/WARN]: UUID of added entity already exists: cfo['Cow'/483, l='ServerLevel[world]', x=-2043.00, y=87.00, z=893.00]
[12:51:56] [Server thread/WARN]: UUID of added entity already exists: chn['Horse'/849, l='ServerLevel[world]', x=-1867.13, y=97.00, z=696.79]
[12:54:37] [Server thread/WARN]: Horse (vehicle of julio9426) moved wrongly! 0.3294732352289884
[12:54:37] [Server thread/WARN]: Horse (vehicle of julio9426) moved wrongly! 0.7741982871989421
[12:54:37] [Server thread/WARN]: Horse (vehicle of julio9426) moved wrongly! 1.2314026096172483
[12:54:37] [Server thread/WARN]: Horse (vehicle of julio9426) moved wrongly! 1.6952843408425906
[12:54:37] [Server thread/WARN]: Horse (vehicle of julio9426) moved wrongly! 2.0
[12:54:37] [Server thread/WARN]: Horse (vehicle of julio9426) moved wrongly! 2.0
[12:54:37] [Server thread/WARN]: Horse (vehicle of julio9426) moved wrongly! 2.0
[12:54:37] [Server thread/WARN]: Horse (vehicle of julio9426) moved wrongly! 2.0
[12:54:38] [Server thread/WARN]: Horse (vehicle of julio9426) moved wrongly! 2.0
[12:54:38] [Server thread/WARN]: Horse (vehicle of julio9426) moved wrongly! 2.0
[12:54:38] [Server thread/WARN]: Horse (vehicle of julio9426) moved wrongly! 1.9989852860883275
[12:56:58] [Server thread/WARN]: Horse (vehicle of julio9426) moved wrongly! 0.3417798014179425
[12:56:58] [Server thread/WARN]: Horse (vehicle of julio9426) moved wrongly! 0.6276957138434227
[12:57:01] [Server thread/WARN]: Horse (vehicle of julio9426) moved wrongly! 0.2846537136280176
[12:57:01] [Server thread/WARN]: Horse (vehicle of julio9426) moved wrongly! 0.6859404523866033
[12:57:37] [Server thread/WARN]: Horse (vehicle of Sergios41) moved wrongly! 0.34888838421852597
[12:57:37] [Server thread/WARN]: Horse (vehicle of Sergios41) moved wrongly! 0.7559601824389119
[12:57:56] [Server thread/WARN]: Horse (vehicle of julio9426) moved wrongly! 0.3694402948210609
[12:57:56] [Server thread/WARN]: Horse (vehicle of julio9426) moved wrongly! 0.8121352656028193
[12:57:56] [Server thread/WARN]: Horse (vehicle of julio9426) moved wrongly! 1.2665558805420005
[12:57:57] [Server thread/WARN]: Horse (vehicle of julio9426) moved wrongly! 1.7272506538859034
[13:03:49] [Server thread/WARN]: Can't keep up! Is the server overloaded? Running 2456ms or 49 ticks behind
